TN:
SF:src/app.js
FN:10,(anonymous_0)
FN:15,(anonymous_1)
FN:28,(anonymous_2)
FNF:3
FNH:3
FNDA:2,(anonymous_0)
FNDA:2,(anonymous_1)
FNDA:1,(anonymous_2)
DA:1,1
DA:2,1
DA:3,1
DA:5,1
DA:7,1
DA:10,1
DA:11,2
DA:15,1
DA:16,2
DA:18,2
DA:19,1
DA:20,1
DA:21,1
DA:24,1
DA:28,1
DA:29,1
DA:30,1
DA:33,1
LF:18
LH:18
BRDA:18,0,0,1
BRDA:18,0,1,1
BRF:2
BRH:2
end_of_record
TN:
SF:src/validador.js
FN:1,esReservaValida
FNF:1
FNH:1
FNDA:12,esReservaValida
DA:3,12
DA:4,3
DA:8,9
DA:9,3
DA:13,6
DA:14,2
DA:18,4
DA:21,2
LF:8
LH:8
BRDA:3,0,0,3
BRDA:3,0,1,9
BRDA:3,1,0,12
BRDA:3,1,1,10
BRDA:8,2,0,3
BRDA:8,2,1,6
BRDA:13,3,0,2
BRDA:13,3,1,4
BRF:8
BRH:8
end_of_record
